[debug] [2022-03-29T22:46:52.107Z] ----------------------------------------------------------------------
[debug] [2022-03-29T22:46:52.107Z] Command:       C:\Program Files\nodejs\node.exe C:\Users\Hatomusain\AppData\Roaming\npm\node_modules\firebase-tools\lib\bin\firebase.js init
[debug] [2022-03-29T22:46:52.107Z] CLI Version:   10.5.0
[debug] [2022-03-29T22:46:52.107Z] Platform:      win32
[debug] [2022-03-29T22:46:52.107Z] Node Version:  v14.16.0
[debug] [2022-03-29T22:46:52.341Z] Time:          Tue Mar 29 2022 23:46:52 GMT+0100 (West Africa Standard Time)
[debug] [2022-03-29T22:46:52.341Z] ----------------------------------------------------------------------
[debug] 
[debug] [2022-03-29T22:46:52.403Z] >>> [apiv2][query] GET https://firebase-public.firebaseio.com/cli.json [none]
[debug] [2022-03-29T22:46:52.497Z] > command requires scopes: ["email","openid","https://www.googleapis.com/auth/cloudplatformprojects.readonly","https://www.googleapis.com/auth/firebase","https://www.googleapis.com/auth/cloud-platform"]
[debug] [2022-03-29T22:46:52.497Z] > authorizing via signed-in user (taiwohusayn5@gmail.com)
[info] 
     ######## #### ########  ######## ########     ###     ######  ########
     ##        ##  ##     ## ##       ##     ##  ##   ##  ##       ##
     ######    ##  ########  ######   ########  #########  ######  ######
     ##        ##  ##    ##  ##       ##     ## ##     ##       ## ##
     ##       #### ##     ## ######## ########  ##     ##  ######  ########

You're about to initialize a Firebase project in this directory:

  C:\Users\Hatomusain\Desktop\theDojo

[info] 
=== Project Setup
[info] 
[info] First, let's associate this project directory with a Firebase project.
[info] You can create multiple project aliases by running firebase use --add, 
[info] but for now we'll just set up a default project.
[info] 
[debug] [2022-03-29T22:47:54.973Z] > refreshing access token with scopes: []
[debug] [2022-03-29T22:47:54.973Z] >>> HTTP REQUEST POST https://www.googleapis.com/oauth2/v3/token  
 <request body omitted>
[debug] [2022-03-29T22:48:16.199Z] Authentication Error: Your credentials are no longer valid. Please run firebase login --reauth

For CI servers and headless environments, generate a new token with firebase login:ci
[debug] [2022-03-29T22:48:37.320Z] FirebaseError: Authentication Error: Your credentials are no longer valid. Please run firebase login --reauth

For CI servers and headless environments, generate a new token with firebase login:ci
    at invalidCredentialError (C:\Users\Hatomusain\AppData\Roaming\npm\node_modules\firebase-tools\lib\auth.js:145:12)
    at refreshTokens (C:\Users\Hatomusain\AppData\Roaming\npm\node_modules\firebase-tools\lib\auth.js:485:15)
    at processTicksAndRejections (internal/process/task_queues.js:93:5)
    at async Client.getAccessToken (C:\Users\Hatomusain\AppData\Roaming\npm\node_modules\firebase-tools\lib\apiv2.js:147:23)
    at async Client.addAuthHeader (C:\Users\Hatomusain\AppData\Roaming\npm\node_modules\firebase-tools\lib\apiv2.js:138:21)
    at async Client.request (C:\Users\Hatomusain\AppData\Roaming\npm\node_modules\firebase-tools\lib\apiv2.js:94:34)
    at async getProjectPage (C:\Users\Hatomusain\AppData\Roaming\npm\node_modules\firebase-tools\lib\management\projects.js:233:17)
    at async getFirebaseProjectPage (C:\Users\Hatomusain\AppData\Roaming\npm\node_modules\firebase-tools\lib\management\projects.js:250:23)
    at async selectProjectInteractively (C:\Users\Hatomusain\AppData\Roaming\npm\node_modules\firebase-tools\lib\management\projects.js:95:41)
    at async doSetup (C:\Users\Hatomusain\AppData\Roaming\npm\node_modules\firebase-tools\lib\init\features\project.js:88:27)
    at async init (C:\Users\Hatomusain\AppData\Roaming\npm\node_modules\firebase-tools\lib\init\index.js:36:9)
[error] 
[error] Error: Failed to list Firebase projects. See firebase-debug.log for more info.
